#
# There is insufficient memory for the Java Runtime Environment to continue.
# Native memory allocation (malloc) failed to allocate 879376 bytes for Chunk::new
# Possible reasons:
#   The system is out of physical RAM or swap space
#   In 32 bit mode, the process size limit was hit
# Possible solutions:
#   Reduce memory load on the system
#   Increase physical memory or swap space
#   Check if swap backing store is full
#   Use 64 bit Java on a 64 bit OS
#   Decrease Java heap size (-Xmx/-Xms)
#   Decrease number of Java threads
#   Decrease Java thread stack sizes (-Xss)
#   Set larger code cache with -XX:ReservedCodeCacheSize=
# This output file may be truncated or incomplete.
#
#  Out of Memory Error (allocation.cpp:390), pid=2568, tid=0x00000000000023a4
#
# JRE version: OpenJDK Runtime Environment (8.0_152-b02) (build 1.8.0_152-release-1024-b02)
# Java VM: OpenJDK 64-Bit Server VM (25.152-b02 mixed mode windows-amd64 compressed oops)
# Failed to write core dump. Minidumps are not enabled by default on client versions of Windows
#

---------------  T H R E A D  ---------------

Current thread (0x00000000163c4000):  JavaThread "C2 CompilerThread1" daemon [_thread_in_native, id=9124, stack(0x0000000017b10000,0x0000000017c10000)]

Stack: [0x0000000017b10000,0x0000000017c10000]
[error occurred during error reporting (printing stack bounds), id 0xc0000005]

Native frames: (J=compiled Java code, j=interpreted, Vv=VM code, C=native code)


Current CompileTask:
C2:3409314 18197   !   4       com.sun.tools.javac.comp.Check$CycleChecker::checkClass (246 bytes)


---------------  P R O C E S S  ---------------

Java Threads: ( => current thread )
  0x000000001ceeb000 JavaThread "RMI RenewClean-[localhost:8858,org.jetbrains.kotlin.daemon.common.LoopbackNetworkInterface$ClientLoopbackSocketFactory@19f71dcc]" daemon [_thread_blocked, id=2208, stack(0x0000000024730000,0x0000000024830000)]
  0x000000001ceea800 JavaThread "RMI TCP Connection(20)-127.0.0.1" daemon [_thread_in_Java, id=6832, stack(0x0000000024630000,0x0000000024730000)]
  0x000000001cee0000 JavaThread "RMI TCP Connection(19)-127.0.0.1" daemon [_thread_in_native, id=10584, stack(0x0000000023190000,0x0000000023290000)]
  0x000000001cee3000 JavaThread "RMI TCP Connection(18)-127.0.0.1" daemon [_thread_in_native, id=2580, stack(0x0000000023090000,0x0000000023190000)]
  0x000000001cee0800 JavaThread "RMI RenewClean-[localhost:8858,org.jetbrains.kotlin.daemon.common.LoopbackNetworkInterface$ClientLoopbackSocketFactory@242b4780]" daemon [_thread_blocked, id=9692, stack(0x00000000213c0000,0x00000000214c0000)]
  0x00000000185b5800 JavaThread "RMI Scheduler(0)" daemon [_thread_blocked, id=3840, stack(0x0000000019a30000,0x0000000019b30000)]
  0x0000000002952800 JavaThread "DestroyJavaVM" [_thread_blocked, id=7540, stack(0x00000000027a0000,0x00000000028a0000)]
  0x0000000018579800 JavaThread "GC Daemon" daemon [_thread_blocked, id=7668, stack(0x0000000019250000,0x0000000019350000)]
  0x00000000184f8800 JavaThread "RMI Reaper" [_thread_blocked, id=10932, stack(0x0000000019150000,0x0000000019250000)]
  0x00000000184e7000 JavaThread "Timer-0" daemon [_thread_blocked, id=2076, stack(0x0000000018f50000,0x0000000019050000)]
  0x00000000184e1800 JavaThread "RMI TCP Accept-17804" daemon [_thread_in_native, id=11140, stack(0x0000000018e50000,0x0000000018f50000)]
  0x0000000017d39800 JavaThread "Service Thread" daemon [_thread_blocked, id=10908, stack(0x0000000018110000,0x0000000018210000)]
  0x00000000163c7000 JavaThread "C1 CompilerThread2" daemon [_thread_blocked, id=8912, stack(0x0000000017c10000,0x0000000017d10000)]
=>0x00000000163c4000 JavaThread "C2 CompilerThread1" daemon [_thread_in_native, id=9124, stack(0x0000000017b10000,0x0000000017c10000)]
  0x00000000163bf800 JavaThread "C2 CompilerThread0" daemon [_thread_in_native, id=6768, stack(0x0000000017a10000,0x0000000017b10000)]
  0x00000000163be800 JavaThread "Attach Listener" daemon [_thread_blocked, id=4908, stack(0x0000000017910000,0x0000000017a10000)]
  0x00000000163bd800 JavaThread "Signal Dispatcher" daemon [_thread_blocked, id=6296, stack(0x0000000017810000,0x0000000017910000)]
  0x0000000002a4e000 JavaThread "Finalizer" daemon [_thread_blocked, id=8072, stack(0x0000000017620000,0x0000000017720000)]
  0x0000000002a43000 JavaThread "Reference Handler" daemon [_thread_blocked, id=10312, stack(0x0000000017520000,0x0000000017620000)]

Other Threads:
  0x0000000016385000 VMThread [stack: 0x0000000017420000,0x0000000017520000] [id=10944]
  0x0000000017d3a000 WatcherThread [stack: 0x0000000018210000,0x0000000018310000] [id=9240]

VM state:not at safepoint (normal execution)

VM Mutex/Monitor currently owned by a thread: None

Heap:
 PSYoungGen      total 348672K, used 75435K [0x00000000e0000000, 0x00000000ffc00000, 0x0000000100000000)
  eden space 225280K, 33% used [0x00000000e0000000,0x00000000e49aae50,0x00000000edc00000)
  from space 123392K, 0% used [0x00000000edc00000,0x00000000edc00000,0x00000000f5480000)
  to   space 123392K, 0% used [0x00000000f8380000,0x00000000f8380000,0x00000000ffc00000)
 ParOldGen       total 171520K, used 118880K [0x00000000a0000000, 0x00000000aa780000, 0x00000000e0000000)
  object space 171520K, 69% used [0x00000000a0000000,0x00000000a7418308,0x00000000aa780000)
 Metaspace       used 91781K, capacity 94904K, committed 98200K, reserved 1134592K
  class space    used 11038K, capacity 11723K, committed 12200K, reserved 1048576K

Card table byte_map: [0x0000000011e10000,0x0000000012120000] byte_map_base: 0x0000000011910000

Marking Bits: (ParMarkBitMap*) 0x0000000075a84970
 Begin Bits: [0x0000000012720000, 0x0000000013f20000)
 End Bits:   [0x0000000013f20000, 0x0000000015720000)

Polling page: 0x0000000000b80000

CodeCache: size=245760Kb used=52683Kb max_used=52683Kb free=193076Kb
 bounds [0x0000000002a50000, 0x0000000005e10000, 0x0000000011a50000]
 total_blobs=15499 nmethods=14923 adapters=486
 compilation: enabled

Compilation events (10 events):
Event: 3408.262 Thread 0x00000000163bf800 nmethod 18208% 0x000000000598d590 code [0x000000000598d840, 0x000000000598f460]
Event: 3408.262 Thread 0x00000000163bf800 18209 %     4       com.sun.tools.javac.comp.MemberEnter::memberEnter @ 2 (30 bytes)
Event: 3408.265 Thread 0x00000000163c7000 18219       3       com.sun.tools.javac.code.Scope::addScopeListener (13 bytes)
Event: 3408.266 Thread 0x00000000163c7000 nmethod 18219 0x00000000040a0810 code [0x00000000040a0980, 0x00000000040a0d70]
Event: 3408.269 Thread 0x00000000163bf800 nmethod 18209% 0x0000000003b04110 code [0x0000000003b04280, 0x0000000003b04588]
Event: 3408.269 Thread 0x00000000163bf800 18210 %     4       com.sun.tools.javac.code.Scope$StarImportScope::importAll @ 5 (54 bytes)
Event: 3408.273 Thread 0x00000000163c7000 18220       3       sun.util.locale.provider.LocaleResources::getDecimalFormatSymbolsData (213 bytes)
Event: 3408.278 Thread 0x00000000163c7000 nmethod 18220 0x0000000003b84710 code [0x0000000003b84bc0, 0x0000000003b883d8]
Event: 3408.278 Thread 0x00000000163c7000 18221   !   2       com.sun.tools.javac.tree.Pretty::visitLiteral (282 bytes)
Event: 3408.281 Thread 0x00000000163c7000 nmethod 18221 0x000000000598b390 code [0x000000000598b700, 0x000000000598c658]

GC Heap History (10 events):
Event: 2507.736 GC heap before
{Heap before GC invocations=24 (full 4):
 PSYoungGen      total 225280K, used 225268K [0x00000000e0000000, 0x00000000f5e00000, 0x0000000100000000)
  eden space 164864K, 100% used [0x00000000e0000000,0x00000000ea100000,0x00000000ea100000)
  from space 60416K, 99% used [0x00000000ea100000,0x00000000edbfd350,0x00000000edc00000)
  to   space 76800K, 0% used [0x00000000f1300000,0x00000000f1300000,0x00000000f5e00000)
 ParOldGen       total 171520K, used 87978K [0x00000000a0000000, 0x00000000aa780000, 0x00000000e0000000)
  object space 171520K, 51% used [0x00000000a0000000,0x00000000a55ea988,0x00000000aa780000)
 Metaspace       used 80671K, capacity 83322K, committed 83480K, reserved 1122304K
  class space    used 9609K, capacity 10212K, committed 10280K, reserved 1048576K
Event: 2507.900 GC heap after
Heap after GC invocations=24 (full 4):
 PSYoungGen      total 261632K, used 76783K [0x00000000e0000000, 0x00000000f8500000, 0x0000000100000000)
  eden space 184832K, 0% used [0x00000000e0000000,0x00000000e0000000,0x00000000eb480000)
  from space 76800K, 99% used [0x00000000f1300000,0x00000000f5dfbdc0,0x00000000f5e00000)
  to   space 96768K, 0% used [0x00000000eb480000,0x00000000eb480000,0x00000000f1300000)
 ParOldGen       total 171520K, used 108025K [0x00000000a0000000, 0x00000000aa780000, 0x00000000e0000000)
  object space 171520K, 62% used [0x00000000a0000000,0x00000000a697e570,0x00000000aa780000)
 Metaspace       used 80671K, capacity 83322K, committed 83480K, reserved 1122304K
  class space    used 9609K, capacity 10212K, committed 10280K, reserved 1048576K
}
Event: 2511.023 GC heap before
{Heap before GC invocations=25 (full 4):
 PSYoungGen      total 261632K, used 261615K [0x00000000e0000000, 0x00000000f8500000, 0x0000000100000000)
  eden space 184832K, 100% used [0x00000000e0000000,0x00000000eb480000,0x00000000eb480000)
  from space 76800K, 99% used [0x00000000f1300000,0x00000000f5dfbdc0,0x00000000f5e00000)
  to   space 96768K, 0% used [0x00000000eb480000,0x00000000eb480000,0x00000000f1300000)
 ParOldGen       total 171520K, used 108025K [0x00000000a0000000, 0x00000000aa780000, 0x00000000e0000000)
  object space 171520K, 62% used [0x00000000a0000000,0x00000000a697e570,0x00000000aa780000)
 Metaspace       used 81929K, capacity 84756K, committed 84888K, reserved 1124352K
  class space    used 9692K, capacity 10301K, committed 10408K, reserved 1048576K
Event: 2511.234 GC heap after
Heap after GC invocations=25 (full 4):
 PSYoungGen      total 281600K, used 96747K [0x00000000e0000000, 0x00000000fc600000, 0x0000000100000000)
  eden space 184832K, 0% used [0x00000000e0000000,0x00000000e0000000,0x00000000eb480000)
  from space 96768K, 99% used [0x00000000eb480000,0x00000000f12fac58,0x00000000f1300000)
  to   space 116224K, 0% used [0x00000000f5480000,0x00000000f5480000,0x00000000fc600000)
 ParOldGen       total 171520K, used 117186K [0x00000000a0000000, 0x00000000aa780000, 0x00000000e0000000)
  object space 171520K, 68% used [0x00000000a0000000,0x00000000a72708f0,0x00000000aa780000)
 Metaspace       used 81929K, capacity 84756K, committed 84888K, reserved 1124352K
  class space    used 9692K, capacity 10301K, committed 10408K, reserved 1048576K
}
Event: 3397.233 GC heap before
{Heap before GC invocations=26 (full 4):
 PSYoungGen      total 281600K, used 281579K [0x00000000e0000000, 0x00000000fc600000, 0x0000000100000000)
  eden space 184832K, 100% used [0x00000000e0000000,0x00000000eb480000,0x00000000eb480000)
  from space 96768K, 99% used [0x00000000eb480000,0x00000000f12fac58,0x00000000f1300000)
  to   space 116224K, 0% used [0x00000000f5480000,0x00000000f5480000,0x00000000fc600000)
 ParOldGen       total 171520K, used 117186K [0x00000000a0000000, 0x00000000aa780000, 0x00000000e0000000)
  object space 171520K, 68% used [0x00000000a0000000,0x00000000a72708f0,0x00000000aa780000)
 Metaspace       used 83327K, capacity 86236K, committed 86296K, reserved 1124352K
  class space    used 9807K, capacity 10485K, committed 10536K, reserved 1048576K
Event: 3397.380 GC heap after
Heap after GC invocations=26 (full 4):
 PSYoungGen      total 341504K, used 82273K [0x00000000e0000000, 0x00000000fcf00000, 0x0000000100000000)
  eden space 225280K, 0% used [0x00000000e0000000,0x00000000e0000000,0x00000000edc00000)
  from space 116224K, 70% used [0x00000000f5480000,0x00000000fa4d87e8,0x00000000fc600000)
  to   space 123392K, 0% used [0x00000000edc00000,0x00000000edc00000,0x00000000f5480000)
 ParOldGen       total 171520K, used 135472K [0x00000000a0000000, 0x00000000aa780000, 0x00000000e0000000)
  object space 171520K, 78% used [0x00000000a0000000,0x00000000a844c330,0x00000000aa780000)
 Metaspace       used 83327K, capacity 86236K, committed 86296K, reserved 1124352K
  class space    used 9807K, capacity 10485K, committed 10536K, reserved 1048576K
}
Event: 3406.965 GC heap before
{Heap before GC invocations=27 (full 4):
 PSYoungGen      total 341504K, used 307553K [0x00000000e0000000, 0x00000000fcf00000, 0x0000000100000000)
  eden space 225280K, 100% used [0x00000000e0000000,0x00000000edc00000,0x00000000edc00000)
  from space 116224K, 70% used [0x00000000f5480000,0x00000000fa4d87e8,0x00000000fc600000)
  to   space 123392K, 0% used [0x00000000edc00000,0x00000000edc00000,0x00000000f5480000)
 ParOldGen       total 171520K, used 135472K [0x00000000a0000000, 0x00000000aa780000, 0x00000000e0000000)
  object space 171520K, 78% used [0x00000000a0000000,0x00000000a844c330,0x00000000aa780000)
 Metaspace       used 94272K, capacity 97832K, committed 97944K, reserved 1134592K
  class space    used 11288K, capacity 12091K, committed 12200K, reserved 1048576K
Event: 3407.092 GC heap after
Heap after GC invocations=27 (full 4):
 PSYoungGen      total 348672K, used 68211K [0x00000000e0000000, 0x00000000ffc00000, 0x0000000100000000)
  eden space 225280K, 0% used [0x00000000e0000000,0x00000000e0000000,0x00000000edc00000)
  from space 123392K, 55% used [0x00000000edc00000,0x00000000f1e9cd70,0x00000000f5480000)
  to   space 123392K, 0% used [0x00000000f8380000,0x00000000f8380000,0x00000000ffc00000)
 ParOldGen       total 171520K, used 169860K [0x00000000a0000000, 0x00000000aa780000, 0x00000000e0000000)
  object space 171520K, 99% used [0x00000000a0000000,0x00000000aa5e12b0,0x00000000aa780000)
 Metaspace       used 94272K, capacity 97832K, committed 97944K, reserved 1134592K
  class space    used 11288K, capacity 12091K, committed 12200K, reserved 1048576K
}
Event: 3407.092 GC heap before
{Heap before GC invocations=28 (full 5):
 PSYoungGen      total 348672K, used 68211K [0x00000000e0000000, 0x00000000ffc00000, 0x0000000100000000)
  eden space 225280K, 0% used [0x00000000e0000000,0x00000000e0000000,0x00000000edc00000)
  from space 123392K, 55% used [0x00000000edc00000,0x00000000f1e9cd70,0x00000000f5480000)
  to   space 123392K, 0% used [0x00000000f8380000,0x00000000f8380000,0x00000000ffc00000)
 ParOldGen       total 171520K, used 169860K [0x00000000a0000000, 0x00000000aa780000, 0x00000000e0000000)
  object space 171520K, 99% used [0x00000000a0000000,0x00000000aa5e12b0,0x00000000aa780000)
 Metaspace       used 94272K, capacity 97832K, committed 97944K, reserved 1134592K
  class space    used 11288K, capacity 12091K, committed 12200K, reserved 1048576K
Event: 3407.946 GC heap after
Heap after GC invocations=28 (full 5):
 PSYoungGen      total 348672K, used 0K [0x00000000e0000000, 0x00000000ffc00000, 0x0000000100000000)
  eden space 225280K, 0% used [0x00000000e0000000,0x00000000e0000000,0x00000000edc00000)
  from space 123392K, 0% used [0x00000000edc00000,0x00000000edc00000,0x00000000f5480000)
  to   space 123392K, 0% used [0x00000000f8380000,0x00000000f8380000,0x00000000ffc00000)
 ParOldGen       total 171520K, used 118880K [0x00000000a0000000, 0x00000000aa780000, 0x00000000e0000000)
  object space 171520K, 69% used [0x00000000a0000000,0x00000000a7418308,0x00000000aa780000)
 Metaspace       used 91170K, capacity 94260K, committed 97944K, reserved 1134592K
  class space    used 10941K, capacity 11607K, committed 12200K, reserved 1048576K
}

Deoptimization events (10 events):
Event: 3405.971 Thread 0x000000001ceea800 Uncommon trap: reason=bimorphic action=maybe_recompile pc=0x0000000004818f08 method=java.io.Writer.append(Ljava/lang/CharSequence;)Ljava/io/Writer; @ 20
Event: 3405.971 Thread 0x000000001ceea800 Uncommon trap: reason=bimorphic action=maybe_recompile pc=0x0000000004359d58 method=java.io.Writer.append(Ljava/lang/CharSequence;)Ljava/lang/Appendable; @ 2
Event: 3405.971 Thread 0x000000001ceea800 Uncommon trap: reason=bimorphic action=maybe_recompile pc=0x0000000004818f08 method=java.io.Writer.append(Ljava/lang/CharSequence;)Ljava/io/Writer; @ 20
Event: 3405.971 Thread 0x000000001ceea800 Uncommon trap: reason=bimorphic action=maybe_recompile pc=0x0000000004359d58 method=java.io.Writer.append(Ljava/lang/CharSequence;)Ljava/lang/Appendable; @ 2
Event: 3405.971 Thread 0x000000001ceea800 Uncommon trap: reason=bimorphic action=maybe_recompile pc=0x0000000004818f08 method=java.io.Writer.append(Ljava/lang/CharSequence;)Ljava/io/Writer; @ 20
Event: 3405.986 Thread 0x000000001ceea800 Uncommon trap: reason=class_check action=maybe_recompile pc=0x00000000049859f0 method=java.util.regex.Pattern$Branch.match(Ljava/util/regex/Matcher;ILjava/lang/CharSequence;)Z @ 50
Event: 3406.785 Thread 0x000000001ceea800 Uncommon trap: reason=unstable_if action=reinterpret pc=0x0000000004b70918 method=com.google.common.collect.Cut.compareTo(Lcom/google/common/collect/Cut;)I @ 13
Event: 3408.015 Thread 0x000000001ceea800 Uncommon trap: reason=speculate_class_check action=maybe_recompile pc=0x0000000003ad7a74 method=java.util.ArrayList.<init>(Ljava/util/Collection;)V @ 36
Event: 3408.084 Thread 0x000000001ceea800 Uncommon trap: reason=class_check action=maybe_recompile pc=0x0000000004f9fd54 method=com.sun.tools.javac.util.ListBuffer.next()Ljava/lang/Object; @ 12
Event: 3408.272 Thread 0x000000001ceea800 Uncommon trap: reason=unstable_if action=reinterpret pc=0x0000000005012684 method=sun.util.locale.provider.LocaleResources.removeEmptyReferences()V @ 9

Classes redefined (0 events):
No events

Internal exceptions (10 events):
Event: 2512.058 Thread 0x000000001cee0000 Implicit null exception at 0x0000000002c8ef17 to 0x0000000002c8f2f5
Event: 2512.074 Thread 0x000000001cee0000 Implicit null exception at 0x0000000002c602d6 to 0x0000000002c60661
Event: 3395.066 Thread 0x000000001cee9800 Exception <a 'java/lang/InterruptedException'> (0x00000000e68249f0) thrown at [D:\src\AOSP-openjdk-cygwin\jdk8u\hotspot\src\share\vm\runtime\objectMonitor.cpp, line 1684]
Event: 3395.228 Thread 0x000000001cee0000 Exception <a 'java/io/FileNotFoundException'> (0x00000000e69a0eb8) thrown at [D:\src\AOSP-openjdk-cygwin\jdk8u\hotspot\src\share\vm\prims\jni.cpp, line 709]
Event: 3395.228 Thread 0x000000001cee0000 Exception <a 'sun/nio/fs/WindowsException'> (0x00000000e69a2328) thrown at [D:\src\AOSP-openjdk-cygwin\jdk8u\hotspot\src\share\vm\prims\jni.cpp, line 709]
Event: 3395.234 Thread 0x000000001cee0000 Exception <a 'sun/nio/fs/WindowsException'> (0x00000000e69a5d88) thrown at [D:\src\AOSP-openjdk-cygwin\jdk8u\hotspot\src\share\vm\prims\jni.cpp, line 709]
Event: 3395.234 Thread 0x000000001cee0000 Exception <a 'java/io/FileNotFoundException'> (0x00000000e69a6ff8) thrown at [D:\src\AOSP-openjdk-cygwin\jdk8u\hotspot\src\share\vm\prims\jni.cpp, line 709]
Event: 3395.234 Thread 0x000000001cee0000 Exception <a 'java/io/FileNotFoundException'> (0x00000000e69a8568) thrown at [D:\src\AOSP-openjdk-cygwin\jdk8u\hotspot\src\share\vm\prims\jni.cpp, line 709]
Event: 3401.096 Thread 0x000000001ceeb000 Exception <a 'java/lang/InterruptedException'> (0x00000000e1f11360) thrown at [D:\src\AOSP-openjdk-cygwin\jdk8u\hotspot\src\share\vm\runtime\objectMonitor.cpp, line 1684]
Event: 3404.703 Thread 0x000000001ceea800 Implicit null exception at 0x0000000004fc17e4 to 0x0000000004fc4ba5

Events (10 events):
Event: 3408.104 Executing VM operation: ForceSafepoint done
Event: 3408.117 Thread 0x000000001ceea800 DEOPT PACKING pc=0x00000000048d89e7 sp=0x000000002472ad50
Event: 3408.117 Thread 0x000000001ceea800 DEOPT UNPACKING pc=0x0000000002a975d0 sp=0x000000002472ab50 mode 0
Event: 3408.212 Thread 0x000000001ceea800 DEOPT PACKING pc=0x0000000003420837 sp=0x000000002472b6d0
Event: 3408.212 Thread 0x000000001ceea800 DEOPT UNPACKING pc=0x0000000002a975d0 sp=0x000000002472b3e8 mode 0
Event: 3408.225 Executing VM operation: ForceSafepoint
Event: 3408.225 Executing VM operation: ForceSafepoint done
Event: 3408.272 Thread 0x000000001ceea800 Uncommon trap: trap_request=0xffffff65 fr.pc=0x0000000005012684
Event: 3408.272 Thread 0x000000001ceea800 DEOPT PACKING pc=0x0000000005012684 sp=0x000000002472b230
Event: 3408.272 Thread 0x000000001ceea800 DEOPT UNPACKING pc=0x0000000002a9557b sp=0x000000002472b188 mode 2


Dynamic libraries:
0x00007ff61cdf0000 - 0x00007ff61ce21000 	E:\Android\Android Studio\jre\jre\bin\java.exe
0x00007ff8c10c0000 - 0x00007ff8c1292000 	C:\WINDOWS\SYSTEM32\ntdll.dll
0x00007ff8becc0000 - 0x00007ff8bed6c000 	C:\WINDOWS\System32\KERNEL32.DLL
0x00007ff8bdf30000 - 0x00007ff8be14d000 	C:\WINDOWS\System32\KERNELBASE.dll
0x00007ff8be8e0000 - 0x00007ff8be982000 	C:\WINDOWS\System32\ADVAPI32.dll
0x00007ff8c08b0000 - 0x00007ff8c094e000 	C:\WINDOWS\System32\msvcrt.dll
0x00007ff8be810000 - 0x00007ff8be869000 	C:\WINDOWS\System32\sechost.dll
0x00007ff8c0b90000 - 0x00007ff8c0cb1000 	C:\WINDOWS\System32\RPCRT4.dll
0x00007ff8be990000 - 0x00007ff8beaf5000 	C:\WINDOWS\System32\USER32.dll
0x00007ff8be630000 - 0x00007ff8be64e000 	C:\WINDOWS\System32\win32u.dll
0x00007ff8bed70000 - 0x00007ff8beda4000 	C:\WINDOWS\System32\GDI32.dll
0x00007ff8bd620000 - 0x00007ff8bd7a0000 	C:\WINDOWS\System32\gdi32full.dll
0x00007ff8b2c30000 - 0x00007ff8b2eaa000 	C:\WINDOWS\WinSxS\amd64_microsoft.windows.common-controls_6595b64144ccf1df_6.0.14393.953_none_42151e83c686086b\COMCTL32.dll
0x00007ff8c0d80000 - 0x00007ff8c1048000 	C:\WINDOWS\System32\combase.dll
0x00007ff8be150000 - 0x00007ff8be245000 	C:\WINDOWS\System32\ucrtbase.dll
0x00007ff8be570000 - 0x00007ff8be5da000 	C:\WINDOWS\System32\bcryptPrimitives.dll
0x00007ff8c09c0000 - 0x00007ff8c09ee000 	C:\WINDOWS\System32\IMM32.DLL
0x00000000751e0000 - 0x00000000752b2000 	E:\Android\Android Studio\jre\jre\bin\msvcr100.dll
0x00000000752c0000 - 0x0000000075aff000 	E:\Android\Android Studio\jre\jre\bin\server\jvm.dll
0x00007ff8c1050000 - 0x00007ff8c1058000 	C:\WINDOWS\System32\PSAPI.DLL
0x00007ff8bb650000 - 0x00007ff8bb673000 	C:\WINDOWS\SYSTEM32\WINMM.dll
0x00007ff8b8ff0000 - 0x00007ff8b8ffa000 	C:\WINDOWS\SYSTEM32\VERSION.dll
0x00007ff8a1f10000 - 0x00007ff8a1f19000 	C:\WINDOWS\SYSTEM32\WSOCK32.dll
0x00007ff8be870000 - 0x00007ff8be8da000 	C:\WINDOWS\System32\WS2_32.dll
0x00007ff8bb5f0000 - 0x00007ff8bb61b000 	C:\WINDOWS\SYSTEM32\WINMMBASE.dll
0x00007ff8be5e0000 - 0x00007ff8be622000 	C:\WINDOWS\System32\cfgmgr32.dll
0x00007ff8b3870000 - 0x00007ff8b387f000 	E:\Android\Android Studio\jre\jre\bin\verify.dll
0x00007ff8abff0000 - 0x00007ff8ac019000 	E:\Android\Android Studio\jre\jre\bin\java.dll
0x00007ff8ab7f0000 - 0x00007ff8ab806000 	E:\Android\Android Studio\jre\jre\bin\zip.dll
0x00007ff8bef50000 - 0x00007ff8c0459000 	C:\WINDOWS\System32\SHELL32.dll
0x00007ff8bd7a0000 - 0x00007ff8bde79000 	C:\WINDOWS\System32\windows.storage.dll
0x00007ff8bd550000 - 0x00007ff8bd59c000 	C:\WINDOWS\System32\powrprof.dll
0x00007ff8c1060000 - 0x00007ff8c10b2000 	C:\WINDOWS\System32\shlwapi.dll
0x00007ff8bd530000 - 0x00007ff8bd53f000 	C:\WINDOWS\System32\kernel.appcore.dll
0x00007ff8be4c0000 - 0x00007ff8be569000 	C:\WINDOWS\System32\shcore.dll
0x00007ff8bd5a0000 - 0x00007ff8bd5b4000 	C:\WINDOWS\System32\profapi.dll
0x00007ff8b3860000 - 0x00007ff8b386d000 	E:\Android\Android Studio\jre\jre\bin\management.dll
0x00007ff8ab220000 - 0x00007ff8ab23a000 	E:\Android\Android Studio\jre\jre\bin\net.dll
0x00007ff8bce60000 - 0x00007ff8bcebc000 	C:\WINDOWS\system32\mswsock.dll
0x00007ff8ab200000 - 0x00007ff8ab211000 	E:\Android\Android Studio\jre\jre\bin\nio.dll
0x00007ff8bd000000 - 0x00007ff8bd017000 	C:\WINDOWS\SYSTEM32\CRYPTSP.dll
0x00007ff8bca60000 - 0x00007ff8bca93000 	C:\WINDOWS\system32\rsaenh.dll
0x00007ff8bd110000 - 0x00007ff8bd13b000 	C:\WINDOWS\SYSTEM32\bcrypt.dll
0x00007ff8bcce0000 - 0x00007ff8bccff000 	C:\WINDOWS\SYSTEM32\USERENV.dll
0x00007ff8bd020000 - 0x00007ff8bd02b000 	C:\WINDOWS\SYSTEM32\CRYPTBASE.dll
0x00007ff8bcbe0000 - 0x00007ff8bcc18000 	C:\WINDOWS\SYSTEM32\IPHLPAPI.DLL
0x00007ff8beb00000 - 0x00007ff8beb08000 	C:\WINDOWS\System32\NSI.dll
0x00007ff8b4a30000 - 0x00007ff8b4a46000 	C:\WINDOWS\SYSTEM32\dhcpcsvc6.DLL
0x00007ff8b4a10000 - 0x00007ff8b4a2a000 	C:\WINDOWS\SYSTEM32\dhcpcsvc.DLL

VM Arguments:
jvm_args: -Djava.awt.headless=true -Djava.rmi.server.hostname=localhost -Xmx1536m -Dkotlin.environment.keepalive 
java_command: org.jetbrains.kotlin.daemon.KotlinCompileDaemon --daemon-runFilesPath C:\Users\ярослав\AppData\Local\kotlin\daemon --daemon-autoshutdownIdleSeconds=7200 --daemon-compilerClasspath C:\Users\Public\.gradle\caches\modules-2\files-2.1\org.jetbrains.kotlin\kotlin-compiler-embeddable\1.2.51\205147cc6c2dcbe7d9d71125fe315b14b8a14be4\kotlin-compiler-embeddable-1.2.51.jar;C:\Users\Public\.gradle\caches\modules-2\files-2.1\org.jetbrains.kotlin\kotlin-stdlib\1.2.51\fa8127e505bff50fec291d0dd619d1bda5c619e0\kotlin-stdlib-1.2.51.jar;C:\Users\Public\.gradle\caches\modules-2\files-2.1\org.jetbrains.kotlin\kotlin-script-runtime\1.2.51\6f8ef6758f396b354e422c3e82d9cd14795fe0e2\kotlin-script-runtime-1.2.51.jar;C:\Users\Public\.gradle\caches\modules-2\files-2.1\org.jetbrains.kotlin\kotlin-reflect\1.2.51\36b719a7b84452dd13eeec979d8c82bfb765c57d\kotlin-reflect-1.2.51.jar;C:\Users\Public\.gradle\caches\modules-2\files-2.1\org.jetbrains.kotlin\kotlin-scripting-common\1.2.51\7861b42b7e5625df4a230d868476d4cda331be77\kotlin-scripting-common-1.2.51.jar;C:\Users\Public\.gradle\caches\modules-2\files-2.1\org.jetbrains.kotlin\kotlin-scripting-jvm\1.2.51\f80afc81cf004fb572f8a09353960490ab6630c6\kotlin-scripting-jvm-1.2.51.jar;C:\Users\Public\.gradle\caches\modules-2\files-2.1\org.jetbrains.kotlinx\kotlinx-coroutines-core\0.20\5f3fa9b5b2dc9cfc0d9358d5b2cab154d590a564\kotlinx-coroutines-core-0.20.jar;E:\Android\Android Studio\jre\lib\tools.jar
java_class_path (initial): C:\Users\Public\.gradle\caches\modules-2\files-2.1\org.jetbrains.kotlin\kotlin-compiler-embeddable\1.2.51\205147cc6c2dcbe7d9d71125fe315b14b8a14be4\kotlin-compiler-embeddable-1.2.51.jar;C:\Users\Public\.gradle\caches\modules-2\files-2.1\org.jetbrains.kotlin\kotlin-stdlib\1.2.51\fa8127e505bff50fec291d0dd619d1bda5c619e0\kotlin-stdlib-1.2.51.jar;C:\Users\Public\.gradle\caches\modules-2\files-2.1\org.jetbrains.kotlin\kotlin-script-runtime\1.2.51\6f8ef6758f396b354e422c3e82d9cd14795fe0e2\kotlin-script-runtime-1.2.51.jar;C:\Users\Public\.gradle\caches\modules-2\files-2.1\org.jetbrains.kotlin\kotlin-reflect\1.2.51\36b719a7b84452dd13eeec979d8c82bfb765c57d\kotlin-reflect-1.2.51.jar;C:\Users\Public\.gradle\caches\modules-2\files-2.1\org.jetbrains.kotlin\kotlin-scripting-common\1.2.51\7861b42b7e5625df4a230d868476d4cda331be77\kotlin-scripting-common-1.2.51.jar;C:\Users\Public\.gradle\caches\modules-2\files-2.1\org.jetbrains.kotlin\kotlin-scripting-jvm\1.2.51\f80afc81cf004fb572f8a09353960490ab6630c6\kotlin-scripting-jvm-1.2.51.jar;C:\Users\Public\.gradle\caches\modules-2\files-2.1\org.jetbrains.kotlinx\kotlinx-coroutines-core\0.20\5f3fa9b5b2dc9cfc0d9358d5b2cab154d590a564\kotlinx-coroutines-core-0.20.jar;E:\Android\Android Studio\jre\lib\tools.jar
Launcher Type: SUN_STANDARD

Environment Variables:
PATH=E:\Programms\gcc\bin;E:\Programms\gcc\libexec\gcc\x86_64-pc-mingw32\6.2.0;C:\WINDOWS\system32;C:\WINDOWS;C:\WINDOWS\System32\Wbem;C:\WINDOWS\System32\WindowsPowerShell\v1.0\;C:\Program Files (x86)\AMD1\ATI.ACE\Core-Static;C:\Program Files (x86)\Skype\Phone\;C:\Program Files\Microsoft\Web Platform Installer\;C:\Program Files (x86)\Microsoft ASP.NET\ASP.NET Web Pages\v1.0\;C:\Program Files\Microsoft SQL Server\110\Tools\Binn\;C:\Program Files (x86)\Microsoft SQL Server\110\Tools\Binn\;C:\Program Files\Microsoft SQL Server\110\DTS\Binn\;C:\Program Files (x86)\Microsoft SQL Server\110\Tools\Binn\ManagementStudio\;C:\Program Files (x86)\Microsoft SQL Server\110\DTS\Binn\;C:\Program Files (x86)\AMDNew\ATI.ACE\Core-Static;C:\Program Files (x86)\GtkSharp\2.12\bin;C:\Program Files\Java\jdk-9.0.1\bin;C:\Program Files\Ant\apache-ant-1.10.1\bin;C:\Program Files\GnuWin32\bin;C:\Program Files\MySQL\MySQL Utilities 1.6\;E:\ProgrammingTools\Git\cmd;C:\Users\ярослав\AppData\Local\Microsoft\WindowsApps;
USERNAME=ярослав
OS=Windows_NT
PROCESSOR_IDENTIFIER=Intel64 Family 6 Model 42 Stepping 7, GenuineIntel



---------------  S Y S T E M  ---------------

OS: Windows 10.0 , 64 bit Build 14393 (10.0.14393.2214)

CPU:total 4 (initial active 4) (2 cores per cpu, 2 threads per core) family 6 model 42 stepping 7, cmov, cx8, fxsr, mmx, sse, sse2, sse3, ssse3, sse4.1, sse4.2, popcnt, avx, clmul, ht, tsc, tscinvbit

Memory: 4k page, physical 8231284k(1095940k free), swap 8231284k(5152k free)

vm_info: OpenJDK 64-Bit Server VM (25.152-b02) for windows-amd64 JRE (1.8.0_152-release-1024-b02), built by "builder" with MS VC++ 10.0 (VS2010)

time: Mon Jul 30 18:31:08 2018
elapsed time: 3408 seconds (0d 0h 56m 48s)

